<?xml version="1.0" encoding="UTF-8" standalone="no"?>
<!DOCTYPE log SYSTEM "logger.dtd">
<log>
<record>
  <date>2010-04-04T15:47:13</date>
  <millis>1270385233581</millis>
  <sequence>0</sequence>
  <logger>forum</logger>
  <level>INFO</level>
  <class>Forum.Client.ControllerLayer.ClientConnectionController</class>
  <method>connect</method>
  <thread>10</thread>
  <message>The client is connected to the server.</message>
</record>
<record>
  <date>2010-04-04T15:47:16</date>
  <millis>1270385236135</millis>
  <sequence>1</sequence>
  <logger>forum</logger>
  <level>INFO</level>
  <class>Forum.Client.ControllerLayer.ClientConnectionController</class>
  <method>run</method>
  <thread>11</thread>
  <message>The user has inputed an invalid command.</message>
</record>
