<?xml version="1.0" encoding="UTF-8" standalone="no"?>
<!DOCTYPE log SYSTEM "logger.dtd">
<log>
<record>
  <date>2010-04-12T19:03:39</date>
  <millis>1271088219711</millis>
  <sequence>0</sequence>
  <logger>forum</logger>
  <level>INFO</level>
  <class>Forum.Client.ControllerLayer.ClientConnectionController</class>
  <method>connect</method>
  <thread>10</thread>
  <message>The client is connected to the server.</message>
</record>
<record>
  <date>2010-04-12T19:04:01</date>
  <millis>1271088241562</millis>
  <sequence>1</sequence>
  <logger>forum</logger>
  <level>INFO</level>
  <class>Forum.Client.ControllerLayer.ClientConnectionController</class>
  <method>run</method>
  <thread>11</thread>
  <message>The user has inputed an invalid command.</message>
</record>
<record>
  <date>2010-04-12T19:04:08</date>
  <millis>1271088248212</millis>
  <sequence>2</sequence>
  <logger>forum</logger>
  <level>SEVERE</level>
  <class>Forum.Client.ControllerLayer.ClientConnectionController</class>
  <method>run</method>
  <thread>11</thread>
  <message>IOException occured while trying to read/send/write.</message>
</record>
<record>
  <date>2010-04-12T19:04:08</date>
  <millis>1271088248222</millis>
  <sequence>3</sequence>
  <logger>forum</logger>
  <level>INFO</level>
  <class>Forum.Client.ControllerLayer.ClientConnectionController</class>
  <method>main</method>
  <thread>10</thread>
  <message>Exiting...</message>
</record>
</log>
