<?xml version="1.0" encoding="UTF-8" standalone="no"?>
<!DOCTYPE log SYSTEM "logger.dtd">
<log>
<record>
  <date>2010-03-24T10:38:35</date>
  <millis>1269419915510</millis>
  <sequence>0</sequence>
  <logger>forum</logger>
  <level>INFO</level>
  <class>Forum.Client.ControllerLayer.ClientConnectionController</class>
  <method>connect</method>
  <thread>10</thread>
  <message>The client is connected to the server.</message>
</record>
<record>
  <date>2010-03-24T10:39:13</date>
  <millis>1269419953545</millis>
  <sequence>1</sequence>
  <logger>forum</logger>
  <level>SEVERE</level>
  <class>Forum.Client.ControllerLayer.ClientConnectionController</class>
  <method>run</method>
  <thread>11</thread>
  <message>Lost connection to server.</message>
</record>
<record>
  <date>2010-03-24T10:39:13</date>
  <millis>1269419953555</millis>
  <sequence>2</sequence>
  <logger>forum</logger>
  <level>INFO</level>
  <class>Forum.Client.ControllerLayer.ClientConnectionController</class>
  <method>main</method>
  <thread>10</thread>
  <message>Exiting...</message>
</record>
</log>
