<?xml version="1.0" encoding="UTF-8" standalone="no"?>
<!DOCTYPE log SYSTEM "logger.dtd">
<log>
<record>
  <date>2010-04-21T11:01:35</date>
  <millis>1271836895996</millis>
  <sequence>0</sequence>
  <logger>forum</logger>
  <level>INFO</level>
  <class>Forum.Client.ControllerLayer.ClientConnectionController</class>
  <method>connect</method>
  <thread>10</thread>
  <message>The client is connected to the server.</message>
</record>
<record>
  <date>2010-04-21T11:01:45</date>
  <millis>1271836905554</millis>
  <sequence>1</sequence>
  <logger>forum</logger>
  <level>INFO</level>
  <class>Forum.Client.ControllerLayer.ClientConnectionController</class>
  <method>run</method>
  <thread>11</thread>
  <message>The user has inputed an invalid command.</message>
</record>
<record>
  <date>2010-04-21T11:02:33</date>
  <millis>1271836953177</millis>
  <sequence>2</sequence>
  <logger>forum</logger>
  <level>SEVERE</level>
  <class>Forum.Client.ControllerLayer.ClientConnectionController</class>
  <method>run</method>
  <thread>11</thread>
  <message>IOException occured while trying to read/send/write.</message>
</record>
<record>
  <date>2010-04-21T11:02:33</date>
  <millis>1271836953208</millis>
  <sequence>3</sequence>
  <logger>forum</logger>
  <level>INFO</level>
  <class>Forum.Client.ControllerLayer.ClientConnectionController</class>
  <method>main</method>
  <thread>10</thread>
  <message>Exiting...</message>
</record>
</log>
