<?xml version="1.0" encoding="UTF-8" standalone="no"?>
<!DOCTYPE log SYSTEM "logger.dtd">
<log>
<record>
  <date>2010-04-21T11:02:47</date>
  <millis>1271836967149</millis>
  <sequence>0</sequence>
  <logger>forum</logger>
  <level>INFO</level>
  <class>Forum.Client.ControllerLayer.ClientConnectionController</class>
  <method>connect</method>
  <thread>10</thread>
  <message>The client is connected to the server.</message>
</record>
<record>
  <date>2010-04-21T11:04:34</date>
  <millis>1271837074168</millis>
  <sequence>1</sequence>
  <logger>forum</logger>
  <level>INFO</level>
  <class>Forum.Client.ControllerLayer.ClientConnectionController</class>
  <method>run</method>
  <thread>11</thread>
  <message>The user has inputed an invalid command.</message>
</record>
<record>
  <date>2010-04-21T11:04:43</date>
  <millis>1271837083765</millis>
  <sequence>2</sequence>
  <logger>forum</logger>
  <level>INFO</level>
  <class>Forum.Client.ControllerLayer.ClientConnectionController</class>
  <method>run</method>
  <thread>11</thread>
  <message>The user has inputed an invalid command.</message>
</record>
<record>
  <date>2010-04-21T11:05:19</date>
  <millis>1271837119364</millis>
  <sequence>3</sequence>
  <logger>forum</logger>
  <level>INFO</level>
  <class>Forum.Client.ControllerLayer.ClientConnectionController</class>
  <method>run</method>
  <thread>11</thread>
  <message>The user has inputed an invalid command.</message>
</record>
<record>
  <date>2010-04-21T11:05:43</date>
  <millis>1271837143401</millis>
  <sequence>4</sequence>
  <logger>forum</logger>
  <level>SEVERE</level>
  <class>Forum.Client.ControllerLayer.ClientConnectionController</class>
  <method>run</method>
  <thread>11</thread>
  <message>IOException occured while trying to read/send/write.</message>
</record>
<record>
  <date>2010-04-21T11:05:43</date>
  <millis>1271837143429</millis>
  <sequence>5</sequence>
  <logger>forum</logger>
  <level>INFO</level>
  <class>Forum.Client.ControllerLayer.ClientConnectionController</class>
  <method>main</method>
  <thread>10</thread>
  <message>Exiting...</message>
</record>
</log>
